<?xml version="1.0" encoding="UTF-8"?>
<!-- Generated by org.testng.reporters.JUnitReportReporter -->
<testsuite hostname="DVCINH6110119" failures="0" tests="4" name="TestNGUdemy.OrangeHRMTest" time="9.474" errors="0" timestamp="2025-03-29T01:40:22 IST" skipped="0">
  <testcase classname="TestNGUdemy.OrangeHRMTest" name="openapp" time="7.071"/>
  <testcase classname="TestNGUdemy.OrangeHRMTest" name="testLogo" time="2.071"/>
  <testcase classname="TestNGUdemy.OrangeHRMTest" name="testlogin" time="0.186"/>
  <testcase classname="TestNGUdemy.OrangeHRMTest" name="closeApp" time="0.146"/>
</testsuite> <!-- TestNGUdemy.OrangeHRMTest -->
