<?xml version="1.0" encoding="UTF-8"?>
<!-- Generated by org.testng.reporters.JUnitReportReporter -->
<testsuite hostname="DVCINH6110119" failures="0" tests="3" name="TestNGUdemy.TC_1" time="0.002" errors="0" timestamp="2025-03-29T01:40:22 IST" skipped="0">
  <testcase classname="TestNGUdemy.TC_1" name="openapp" time="0.001"/>
  <testcase classname="TestNGUdemy.TC_1" name="login" time="0.000"/>
  <testcase classname="TestNGUdemy.TC_1" name="logout" time="0.001"/>
</testsuite> <!-- TestNGUdemy.TC_1 -->
