<?xml version="1.0" encoding="UTF-8"?>
<!-- Generated by org.testng.reporters.JUnitReportReporter -->
<testsuite hostname="DVCINH6110119" failures="0" tests="3" name="Parameterization.dataProviderwithExcel" time="30.930" errors="0" timestamp="2025-02-12T01:34:33 IST" skipped="0">
  <testcase classname="Parameterization.dataProviderwithExcel" name="searchOnlineClasses2" time="10.240"/>
  <testcase classname="Parameterization.dataProviderwithExcel" name="searchOnlineClasses2" time="10.330"/>
  <testcase classname="Parameterization.dataProviderwithExcel" name="searchOnlineClasses2" time="10.360"/>
</testsuite> <!-- Parameterization.dataProviderwithExcel -->
